
Showing logs for build [32mcb-kubecd-environment-pr-205-13-lvwjc-1[0m stage [32mfrom-build-pack[0m and container [32mstep-credential-initializer-7jx4g[0m
{"level":"info","ts":1587415590.8743608,"logger":"fallback-logger","caller":"logging/config.go:69","msg":"Fetch GitHub commit ID from kodata failed: open /var/run/ko/refs/heads/0.8.0-ns-support: no such file or directory"}
{"level":"info","ts":1587415590.8749783,"logger":"fallback-logger","caller":"creds-init/main.go:40","msg":"Credentials initialized."}

Showing logs for build [32mcb-kubecd-environment-pr-205-13-lvwjc-1[0m stage [32mfrom-build-pack[0m and container [32mstep-working-dir-initializer-kqfl9[0m
{"level":"info","ts":1587415591.809106,"logger":"fallback-logger","caller":"logging/config.go:69","msg":"Fetch GitHub commit ID from kodata failed: open /var/run/ko/HEAD: no such file or directory"}
{"level":"info","ts":1587415591.810856,"logger":"fallback-logger","caller":"bash/main.go:64","msg":"Successfully executed command \"sh -c mkdir -p /workspace/source\"; output "}

Showing logs for build [32mcb-kubecd-environment-pr-205-13-lvwjc-1[0m stage [32mfrom-build-pack[0m and container [32mstep-place-tools[0m

Showing logs for build [32mcb-kubecd-environment-pr-205-13-lvwjc-1[0m stage [32mfrom-build-pack[0m and container [32mstep-git-source-cb-kubecd-environment-pr-205-13-lvwjc-zccph[0m
{"level":"info","ts":1587415595.9146512,"logger":"fallback-logger","caller":"logging/config.go:69","msg":"Fetch GitHub commit ID from kodata failed: open /var/run/ko/refs/heads/0.8.0-ns-support: no such file or directory"}
{"level":"info","ts":1587415596.954753,"logger":"fallback-logger","caller":"git/git.go:103","msg":"Successfully cloned https://github.com/cb-kubecd/environment-pr-205-137-boot-gke-production.git @ master in path /workspace/source"}

Showing logs for build [32mcb-kubecd-environment-pr-205-13-lvwjc-1[0m stage [32mfrom-build-pack[0m and container [32mstep-git-merge[0m
Using SHAs from PULL_REFS=master:a6b199c535bb8cfb5e58444430d11213da7d14e7,1:8167b5db20001c68e1ec91d2e666d74dd1b1049e
DEBUG: LC_ALL=C JX_LOG_LEVEL=error git fetch origin --unshallow 8167b5db20001c68e1ec91d2e666d74dd1b1049e: a6b199c535bb8cfb5e58444430d11213da7d14e7:
DEBUG: ran git fetch --unshallow origin 8167b5db20001c68e1ec91d2e666d74dd1b1049e: a6b199c535bb8cfb5e58444430d11213da7d14e7: in 
DEBUG: LC_ALL=C JX_LOG_LEVEL=error git branch
DEBUG: LC_ALL=C JX_LOG_LEVEL=error git checkout master
DEBUG: ran git checkout master in 
DEBUG: LC_ALL=C JX_LOG_LEVEL=error git reset --hard a6b199c535bb8cfb5e58444430d11213da7d14e7
DEBUG: ran git reset --hard a6b199c535bb8cfb5e58444430d11213da7d14e7 in 
DEBUG: JX_LOG_LEVEL=error LC_ALL=C git clean -fd .
DEBUG: ran clean --force -d . in 
DEBUG: JX_LOG_LEVEL=error LC_ALL=C git merge 8167b5db20001c68e1ec91d2e666d74dd1b1049e
DEBUG: ran git merge 8167b5db20001c68e1ec91d2e666d74dd1b1049e in 
DEBUG: LC_ALL=C JX_LOG_LEVEL=error git log --format=%H%x1f%an%x1f%ae%x1f%cn%x1f%ce%x1f%s%n%b%x1e a6b199c535bb8cfb5e58444430d11213da7d14e7..HEAD
Merged SHA 8167b5db20001c68e1ec91d2e666d74dd1b1049e with commit message 'chore: Promote bdd-spring-1587414601 to version 0.0.1' into base branch master

Showing logs for build [32mcb-kubecd-environment-pr-205-13-lvwjc-1[0m stage [32mfrom-build-pack[0m and container [32mstep-build-helm-build[0m
WARNING: No $CHART_REPOSITORY defined so using the default value of: http://jenkins-x-chartmuseum:8080
Adding missing Helm repo: storage.googleapis.com https://storage.googleapis.com/chartmuseum.jenkins-x.io
WARNING: No secrets found on "helm/repos" due: reading the secret "helm/repos" from vault: no secret "helm/repos" not found in vault
Read credentials for https://storage.googleapis.com/chartmuseum.jenkins-x.io from vault helm/repos
Successfully added Helm repository storage.googleapis.com.
Adding missing Helm repo: jenkins-x-chartmuseum http://jenkins-x-chartmuseum:8080
WARNING: No secrets found on "helm/repos" due: reading the secret "helm/repos" from vault: no secret "helm/repos" not found in vault
Read credentials for http://jenkins-x-chartmuseum:8080 from vault helm/repos
Successfully added Helm repository jenkins-x-chartmuseum.
WARNING: No $CHART_REPOSITORY defined so using the default value of: http://jenkins-x-chartmuseum:8080
Adding missing Helm repo: chartmuseum.jenkins-x.io http://chartmuseum.jenkins-x.io
WARNING: No secrets found on "helm/repos" due: reading the secret "helm/repos" from vault: no secret "helm/repos" not found in vault
Read credentials for http://chartmuseum.jenkins-x.io from vault helm/repos
Successfully added Helm repository chartmuseum.jenkins-x.io.
